<?xml version="1.0" encoding="UTF-8"?>
<!-- Generated by org.testng.reporters.JUnitReportReporter -->
<testsuite skipped="0" hostname="DESKTOP-ADCV5S3" name="webtest.LoginTest" tests="1" failures="0" timestamp="2023-04-03T11:52:46 IST" time="17.658" errors="0">
  <testcase name="testWithValidScenario" time="17.658" classname="webtest.LoginTest"/>
  <system-out/>
</testsuite> <!-- webtest.LoginTest -->
