<?xml version="1.0" encoding="UTF-8"?>
<!-- Generated by org.testng.reporters.JUnitReportReporter -->
<testsuite hostname="DESKTOP-ADCV5S3" failures="0" tests="1" name="webtest.LoginTest" time="17.113" errors="0" timestamp="2023-04-29T15:12:46 IST" skipped="0">
  <testcase classname="webtest.LoginTest" name="testWithValidScenario" time="17.113"/>
  <system-out/>
</testsuite> <!-- webtest.LoginTest -->
